2025-09-21 05:45:18,101 __main__ DEBUG File logging initialised at data/debug/collector.log
2025-09-21 05:45:18,101 __main__ DEBUG collect_cfbd_all: building team inputs
2025-09-21 05:45:19,567 __main__ DEBUG collect_cfbd_all: wrote team inputs rows=137
2025-09-21 05:45:19,567 __main__ DEBUG collect_cfbd_all: loading schedule
2025-09-21 05:45:19,685 __main__ DEBUG collect_cfbd_all: wrote schedule rows=753
2025-09-21 05:45:19,688 __main__ DEBUG collect_cfbd_all: fetching market lines for week=4
2025-09-21 05:45:20,914 __main__ DEBUG collect_cfbd_all: fetched market lines rows=513 non_null=17
2025-09-21 05:45:20,918 __main__ DEBUG collect_cfbd_all: wrote market_debug rows=513 non_null=17 (new=513)
2025-09-21 05:45:20,918 __main__ DEBUG collect_cfbd_all: building predictions
2025-09-21 05:45:20,918 agents.collect.predictions DEBUG build_predictions_for_year:start year=2025 sched_rows=753 markets_rows=513 team_inputs_rows=137
2025-09-21 05:45:20,921 agents.collect.predictions DEBUG build_predictions_for_year: team ratings available for 136 teams
2025-09-21 05:45:20,924 agents.collect.predictions DEBUG build_predictions_for_year: markets rows=513 unique games=513
2025-09-21 05:45:20,926 agents.collect.predictions DEBUG build_predictions_for_year: post-market-merge rows=753 market_non_null=17
2025-09-21 05:45:20,933 agents.collect.predictions DEBUG build_predictions_for_year:end synthetic_rows=736 edge_nonzero=17
2025-09-21 05:45:20,935 agents.collect.helpers DEBUG write_csv: initial market gaps=736 file=data/upa_predictions.csv
2025-09-21 05:45:20,941 agents.collect.helpers DEBUG write_csv: completed market backfill file=data/upa_predictions.csv before=17 after=753 synthetic_rows=736
2025-09-21 05:45:20,952 __main__ DEBUG collect_cfbd_all: wrote predictions rows=753 synthetic=736 market_non_null=753
2025-09-21 05:45:20,952 __main__ DEBUG collect_cfbd_all: building live edge report
2025-09-21 05:45:20,956 __main__ DEBUG collect_cfbd_all: wrote live_edge rows=100
2025-09-21 05:45:20,956 __main__ DEBUG collect_cfbd_all: fetching live scores
